Analysis & Synthesis report for Peaje_total
Wed May 15 20:32:00 2024
Quartus II 64-Bit Version 13.1.0 Build 162 10/23/2013 SJ Web Edition


---------------------
; Table of Contents ;
---------------------
  1. Legal Notice
  2. Analysis & Synthesis Summary
  3. Analysis & Synthesis Settings
  4. Parallel Compilation
  5. Analysis & Synthesis Source Files Read
  6. Analysis & Synthesis Resource Usage Summary
  7. Analysis & Synthesis Resource Utilization by Entity
  8. State Machine - |Peaje_total|main2:A7|moore_peaje:A0|estado_presente
  9. State Machine - |Peaje_total|main:A6|moore_peaje:A0|estado_presente
 10. State Machine - |Peaje_total|moore_peaje:A4|estado_presente
 11. State Machine - |Peaje_total|semaforo_inicial:A1|moore_peaje:A0|estado_presente
 12. Registers Removed During Synthesis
 13. Removed Registers Triggering Further Register Optimizations
 14. General Register Statistics
 15. Multiplexer Restructuring Statistics (Restructuring Performed)
 16. Port Connectivity Checks: "main2:A7|moore_peaje:A0"
 17. Port Connectivity Checks: "main:A6|moore_peaje:A0"
 18. Port Connectivity Checks: "moore_peaje:A4"
 19. Port Connectivity Checks: "semaforo_inicial:A1|moore_peaje:A0"
 20. Elapsed Time Per Partition
 21. Analysis & Synthesis Messages



----------------
; Legal Notice ;
----------------
Copyright (C) 1991-2013 Altera Corporation
Your use of Altera Corporation's design tools, logic functions 
and other software and tools, and its AMPP partner logic 
functions, and any output files from any of the foregoing 
(including device programming or simulation files), and any 
associated documentation or information are expressly subject 
to the terms and conditions of the Altera Program License 
Subscription Agreement, Altera MegaCore Function License 
Agreement, or other applicable license agreement, including, 
without limitation, that your use is for the sole purpose of 
programming logic devices manufactured by Altera and sold by 
Altera or its authorized distributors.  Please refer to the 
applicable agreement for further details.



+---------------------------------------------------------------------------------+
; Analysis & Synthesis Summary                                                    ;
+------------------------------------+--------------------------------------------+
; Analysis & Synthesis Status        ; Successful - Wed May 15 20:32:00 2024      ;
; Quartus II 64-Bit Version          ; 13.1.0 Build 162 10/23/2013 SJ Web Edition ;
; Revision Name                      ; Peaje_total                                ;
; Top-level Entity Name              ; Peaje_total                                ;
; Family                             ; Cyclone III                                ;
; Total logic elements               ; 166                                        ;
;     Total combinational functions  ; 110                                        ;
;     Dedicated logic registers      ; 95                                         ;
; Total registers                    ; 95                                         ;
; Total pins                         ; 42                                         ;
; Total virtual pins                 ; 0                                          ;
; Total memory bits                  ; 0                                          ;
; Embedded Multiplier 9-bit elements ; 0                                          ;
; Total PLLs                         ; 0                                          ;
+------------------------------------+--------------------------------------------+


+----------------------------------------------------------------------------------------------------------------------+
; Analysis & Synthesis Settings                                                                                        ;
+----------------------------------------------------------------------------+--------------------+--------------------+
; Option                                                                     ; Setting            ; Default Value      ;
+----------------------------------------------------------------------------+--------------------+--------------------+
; Device                                                                     ; EP3C16F484C6       ;                    ;
; Top-level entity name                                                      ; Peaje_total        ; Peaje_total        ;
; Family name                                                                ; Cyclone III        ; Cyclone IV GX      ;
; Use smart compilation                                                      ; Off                ; Off                ;
; Enable parallel Assembler and TimeQuest Timing Analyzer during compilation ; On                 ; On                 ;
; Enable compact report table                                                ; Off                ; Off                ;
; Restructure Multiplexers                                                   ; Auto               ; Auto               ;
; Create Debugging Nodes for IP Cores                                        ; Off                ; Off                ;
; Preserve fewer node names                                                  ; On                 ; On                 ;
; Disable OpenCore Plus hardware evaluation                                  ; Off                ; Off                ;
; Verilog Version                                                            ; Verilog_2001       ; Verilog_2001       ;
; VHDL Version                                                               ; VHDL_1993          ; VHDL_1993          ;
; State Machine Processing                                                   ; Auto               ; Auto               ;
; Safe State Machine                                                         ; Off                ; Off                ;
; Extract Verilog State Machines                                             ; On                 ; On                 ;
; Extract VHDL State Machines                                                ; On                 ; On                 ;
; Ignore Verilog initial constructs                                          ; Off                ; Off                ;
; Iteration limit for constant Verilog loops                                 ; 5000               ; 5000               ;
; Iteration limit for non-constant Verilog loops                             ; 250                ; 250                ;
; Add Pass-Through Logic to Inferred RAMs                                    ; On                 ; On                 ;
; Infer RAMs from Raw Logic                                                  ; On                 ; On                 ;
; Parallel Synthesis                                                         ; On                 ; On                 ;
; DSP Block Balancing                                                        ; Auto               ; Auto               ;
; NOT Gate Push-Back                                                         ; On                 ; On                 ;
; Power-Up Don't Care                                                        ; On                 ; On                 ;
; Remove Redundant Logic Cells                                               ; Off                ; Off                ;
; Remove Duplicate Registers                                                 ; On                 ; On                 ;
; Ignore CARRY Buffers                                                       ; Off                ; Off                ;
; Ignore CASCADE Buffers                                                     ; Off                ; Off                ;
; Ignore GLOBAL Buffers                                                      ; Off                ; Off                ;
; Ignore ROW GLOBAL Buffers                                                  ; Off                ; Off                ;
; Ignore LCELL Buffers                                                       ; Off                ; Off                ;
; Ignore SOFT Buffers                                                        ; On                 ; On                 ;
; Limit AHDL Integers to 32 Bits                                             ; Off                ; Off                ;
; Optimization Technique                                                     ; Balanced           ; Balanced           ;
; Carry Chain Length                                                         ; 70                 ; 70                 ;
; Auto Carry Chains                                                          ; On                 ; On                 ;
; Auto Open-Drain Pins                                                       ; On                 ; On                 ;
; Perform WYSIWYG Primitive Resynthesis                                      ; Off                ; Off                ;
; Auto ROM Replacement                                                       ; On                 ; On                 ;
; Auto RAM Replacement                                                       ; On                 ; On                 ;
; Auto DSP Block Replacement                                                 ; On                 ; On                 ;
; Auto Shift Register Replacement                                            ; Auto               ; Auto               ;
; Allow Shift Register Merging across Hierarchies                            ; Auto               ; Auto               ;
; Auto Clock Enable Replacement                                              ; On                 ; On                 ;
; Strict RAM Replacement                                                     ; Off                ; Off                ;
; Allow Synchronous Control Signals                                          ; On                 ; On                 ;
; Force Use of Synchronous Clear Signals                                     ; Off                ; Off                ;
; Auto RAM Block Balancing                                                   ; On                 ; On                 ;
; Auto RAM to Logic Cell Conversion                                          ; Off                ; Off                ;
; Auto Resource Sharing                                                      ; Off                ; Off                ;
; Allow Any RAM Size For Recognition                                         ; Off                ; Off                ;
; Allow Any ROM Size For Recognition                                         ; Off                ; Off                ;
; Allow Any Shift Register Size For Recognition                              ; Off                ; Off                ;
; Use LogicLock Constraints during Resource Balancing                        ; On                 ; On                 ;
; Ignore translate_off and synthesis_off directives                          ; Off                ; Off                ;
; Timing-Driven Synthesis                                                    ; On                 ; On                 ;
; Report Parameter Settings                                                  ; On                 ; On                 ;
; Report Source Assignments                                                  ; On                 ; On                 ;
; Report Connectivity Checks                                                 ; On                 ; On                 ;
; Ignore Maximum Fan-Out Assignments                                         ; Off                ; Off                ;
; Synchronization Register Chain Length                                      ; 2                  ; 2                  ;
; PowerPlay Power Optimization                                               ; Normal compilation ; Normal compilation ;
; HDL message level                                                          ; Level2             ; Level2             ;
; Suppress Register Optimization Related Messages                            ; Off                ; Off                ;
; Number of Removed Registers Reported in Synthesis Report                   ; 5000               ; 5000               ;
; Number of Swept Nodes Reported in Synthesis Report                         ; 5000               ; 5000               ;
; Number of Inverted Registers Reported in Synthesis Report                  ; 100                ; 100                ;
; Clock MUX Protection                                                       ; On                 ; On                 ;
; Auto Gated Clock Conversion                                                ; Off                ; Off                ;
; Block Design Naming                                                        ; Auto               ; Auto               ;
; SDC constraint protection                                                  ; Off                ; Off                ;
; Synthesis Effort                                                           ; Auto               ; Auto               ;
; Shift Register Replacement - Allow Asynchronous Clear Signal               ; On                 ; On                 ;
; Pre-Mapping Resynthesis Optimization                                       ; Off                ; Off                ;
; Analysis & Synthesis Message Level                                         ; Medium             ; Medium             ;
; Disable Register Merging Across Hierarchies                                ; Auto               ; Auto               ;
; Resource Aware Inference For Block RAM                                     ; On                 ; On                 ;
; Synthesis Seed                                                             ; 1                  ; 1                  ;
+----------------------------------------------------------------------------+--------------------+--------------------+


Parallel compilation was disabled, but you have multiple processors available. Enable parallel compilation to reduce compilation time.
+-------------------------------------+
; Parallel Compilation                ;
+----------------------------+--------+
; Processors                 ; Number ;
+----------------------------+--------+
; Number detected on machine ; 12     ;
; Maximum allowed            ; 1      ;
+----------------------------+--------+


+-------------------------------------------------------------------------------------------------------------------------------------------------------------------------------------------------------------------------------+
; Analysis & Synthesis Source Files Read                                                                                                                                                                                        ;
+-------------------------------------------------------------------------------------+-----------------+-----------------+-------------------------------------------------------------------------------------------+---------+
; File Name with User-Entered Path                                                    ; Used in Netlist ; File Type       ; File Name with Absolute Path                                                              ; Library ;
+-------------------------------------------------------------------------------------+-----------------+-----------------+-------------------------------------------------------------------------------------------+---------+
; ../Servo2/MAIN_CARPET/main2.vhd                                                     ; yes             ; User VHDL File  ; C:/Users/laura/Documents/PARCIAL2-VHDL/Servo2/MAIN_CARPET/main2.vhd                       ;         ;
; ../Servo1/PWM_CARPET/pwm.vhd                                                        ; yes             ; User VHDL File  ; C:/Users/laura/Documents/PARCIAL2-VHDL/Servo1/PWM_CARPET/pwm.vhd                          ;         ;
; ../Servo1/CONTROL_CARPET/main.vhd                                                   ; yes             ; User VHDL File  ; C:/Users/laura/Documents/PARCIAL2-VHDL/Servo1/CONTROL_CARPET/main.vhd                     ;         ;
; ../Servo1/CONTROL_CARPET/control.vhd                                                ; yes             ; User VHDL File  ; C:/Users/laura/Documents/PARCIAL2-VHDL/Servo1/CONTROL_CARPET/control.vhd                  ;         ;
; ../moore_peaje/moore_peaje.vhd/moore_peaje.vhd                                      ; yes             ; User VHDL File  ; C:/Users/laura/Documents/PARCIAL2-VHDL/moore_peaje/moore_peaje.vhd/moore_peaje.vhd        ;         ;
; ../SEMAFORO_ENTRADA/semaforo_inicial.vhd                                            ; yes             ; User VHDL File  ; C:/Users/laura/Documents/PARCIAL2-VHDL/SEMAFORO_ENTRADA/semaforo_inicial.vhd              ;         ;
; ../../../Downloads/PARCIAL2-VHDL/PARCIAL2-VHDL/SEMAFORO_SALIDA/control_semaforo.vhd ; yes             ; User VHDL File  ; C:/Users/laura/Downloads/PARCIAL2-VHDL/PARCIAL2-VHDL/SEMAFORO_SALIDA/control_semaforo.vhd ;         ;
; ../CATEGORIA/PAQUETE_CATEGORIA/my_package1.vhd                                      ; yes             ; User VHDL File  ; C:/Users/laura/Documents/PARCIAL2-VHDL/CATEGORIA/PAQUETE_CATEGORIA/my_package1.vhd        ;         ;
; ../TARIFA/tarifa.vhd                                                                ; yes             ; User VHDL File  ; C:/Users/laura/Documents/PARCIAL2-VHDL/TARIFA/tarifa.vhd                                  ;         ;
; ../CONTADOR/contador.vhd                                                            ; yes             ; User VHDL File  ; C:/Users/laura/Documents/PARCIAL2-VHDL/CONTADOR/contador.vhd                              ;         ;
; ../CATEGORIA/CATEGORIA_P/categoria.vhd                                              ; yes             ; User VHDL File  ; C:/Users/laura/Documents/PARCIAL2-VHDL/CATEGORIA/CATEGORIA_P/categoria.vhd                ;         ;
; Peaje_total.vhd                                                                     ; yes             ; User VHDL File  ; C:/Users/laura/Documents/PARCIAL2-VHDL/PEAJE_TOTAL/Peaje_total.vhd                        ;         ;
+-------------------------------------------------------------------------------------+-----------------+-----------------+-------------------------------------------------------------------------------------------+---------+


+---------------------------------------------------------+
; Analysis & Synthesis Resource Usage Summary             ;
+---------------------------------------------+-----------+
; Resource                                    ; Usage     ;
+---------------------------------------------+-----------+
; Estimated Total logic elements              ; 166       ;
;                                             ;           ;
; Total combinational functions               ; 110       ;
; Logic element usage by number of LUT inputs ;           ;
;     -- 4 input functions                    ; 53        ;
;     -- 3 input functions                    ; 23        ;
;     -- <=2 input functions                  ; 34        ;
;                                             ;           ;
; Logic elements by mode                      ;           ;
;     -- normal mode                          ; 85        ;
;     -- arithmetic mode                      ; 25        ;
;                                             ;           ;
; Total registers                             ; 95        ;
;     -- Dedicated logic registers            ; 95        ;
;     -- I/O registers                        ; 0         ;
;                                             ;           ;
; I/O pins                                    ; 42        ;
; Embedded Multiplier 9-bit elements          ; 0         ;
; Maximum fan-out node                        ; clk~input ;
; Maximum fan-out                             ; 95        ;
; Total fan-out                               ; 675       ;
; Average fan-out                             ; 2.34      ;
+---------------------------------------------+-----------+


+------------------------------------------------------------------------------------------------------------------------------------------------------------------------------------------+
; Analysis & Synthesis Resource Utilization by Entity                                                                                                                                      ;
+----------------------------+-------------------+--------------+-------------+--------------+---------+-----------+------+--------------+----------------------------------+--------------+
; Compilation Hierarchy Node ; LC Combinationals ; LC Registers ; Memory Bits ; DSP Elements ; DSP 9x9 ; DSP 18x18 ; Pins ; Virtual Pins ; Full Hierarchy Name              ; Library Name ;
+----------------------------+-------------------+--------------+-------------+--------------+---------+-----------+------+--------------+----------------------------------+--------------+
; |Peaje_total               ; 110 (0)           ; 95 (0)       ; 0           ; 0            ; 0       ; 0         ; 42   ; 0            ; |Peaje_total                     ; work         ;
;    |categoria:A2|          ; 2 (2)             ; 0 (0)        ; 0           ; 0            ; 0       ; 0         ; 0    ; 0            ; |Peaje_total|categoria:A2        ; work         ;
;    |contador:A3|           ; 98 (98)           ; 90 (90)      ; 0           ; 0            ; 0       ; 0         ; 0    ; 0            ; |Peaje_total|contador:A3         ; work         ;
;    |control_semaforo:A0|   ; 1 (1)             ; 0 (0)        ; 0           ; 0            ; 0       ; 0         ; 0    ; 0            ; |Peaje_total|control_semaforo:A0 ; work         ;
;    |moore_peaje:A4|        ; 7 (7)             ; 5 (5)        ; 0           ; 0            ; 0       ; 0         ; 0    ; 0            ; |Peaje_total|moore_peaje:A4      ; work         ;
;    |tarifa:A5|             ; 2 (2)             ; 0 (0)        ; 0           ; 0            ; 0       ; 0         ; 0    ; 0            ; |Peaje_total|tarifa:A5           ; work         ;
+----------------------------+-------------------+--------------+-------------+--------------+---------+-----------+------+--------------+----------------------------------+--------------+
Note: For table entries with two numbers listed, the numbers in parentheses indicate the number of resources of the given type used by the specific entity alone. The numbers listed outside of parentheses indicate the total resources of the given type used by the specific entity and all of its sub-entities in the hierarchy.


Encoding Type:  One-Hot
+-----------------------------------------------------------------------------------------------------------------------------------------------------------------------------------------------------------------------------------------+
; State Machine - |Peaje_total|main2:A7|moore_peaje:A0|estado_presente                                                                                                                                                                    ;
+------------------------------------+----------------------------------+-----------------------------+-----------------------------------+---------------------------------+------------------------------------+------------------------+
; Name                               ; estado_presente.reinicio_sistema ; estado_presente.advertencia ; estado_presente.salida_noaprobada ; estado_presente.salida_aprobada ; estado_presente.vehiculo_detectado ; estado_presente.inicio ;
+------------------------------------+----------------------------------+-----------------------------+-----------------------------------+---------------------------------+------------------------------------+------------------------+
; estado_presente.inicio             ; 0                                ; 0                           ; 0                                 ; 0                               ; 0                                  ; 0                      ;
; estado_presente.vehiculo_detectado ; 0                                ; 0                           ; 0                                 ; 0                               ; 1                                  ; 1                      ;
; estado_presente.salida_aprobada    ; 0                                ; 0                           ; 0                                 ; 1                               ; 0                                  ; 1                      ;
; estado_presente.salida_noaprobada  ; 0                                ; 0                           ; 1                                 ; 0                               ; 0                                  ; 1                      ;
; estado_presente.advertencia        ; 0                                ; 1                           ; 0                                 ; 0                               ; 0                                  ; 1                      ;
; estado_presente.reinicio_sistema   ; 1                                ; 0                           ; 0                                 ; 0                               ; 0                                  ; 1                      ;
+------------------------------------+----------------------------------+-----------------------------+-----------------------------------+---------------------------------+------------------------------------+------------------------+


Encoding Type:  One-Hot
+-----------------------------------------------------------------------------------------------------------------------------------------------------------------------------------------------------------------------------------------+
; State Machine - |Peaje_total|main:A6|moore_peaje:A0|estado_presente                                                                                                                                                                     ;
+------------------------------------+----------------------------------+-----------------------------+-----------------------------------+---------------------------------+------------------------------------+------------------------+
; Name                               ; estado_presente.reinicio_sistema ; estado_presente.advertencia ; estado_presente.salida_noaprobada ; estado_presente.salida_aprobada ; estado_presente.vehiculo_detectado ; estado_presente.inicio ;
+------------------------------------+----------------------------------+-----------------------------+-----------------------------------+---------------------------------+------------------------------------+------------------------+
; estado_presente.inicio             ; 0                                ; 0                           ; 0                                 ; 0                               ; 0                                  ; 0                      ;
; estado_presente.vehiculo_detectado ; 0                                ; 0                           ; 0                                 ; 0                               ; 1                                  ; 1                      ;
; estado_presente.salida_aprobada    ; 0                                ; 0                           ; 0                                 ; 1                               ; 0                                  ; 1                      ;
; estado_presente.salida_noaprobada  ; 0                                ; 0                           ; 1                                 ; 0                               ; 0                                  ; 1                      ;
; estado_presente.advertencia        ; 0                                ; 1                           ; 0                                 ; 0                               ; 0                                  ; 1                      ;
; estado_presente.reinicio_sistema   ; 1                                ; 0                           ; 0                                 ; 0                               ; 0                                  ; 1                      ;
+------------------------------------+----------------------------------+-----------------------------+-----------------------------------+---------------------------------+------------------------------------+------------------------+


Encoding Type:  One-Hot
+-----------------------------------------------------------------------------------------------------------------------------------------------------------------------------------------------------------------------------------------+
; State Machine - |Peaje_total|moore_peaje:A4|estado_presente                                                                                                                                                                             ;
+------------------------------------+----------------------------------+-----------------------------+-----------------------------------+---------------------------------+------------------------------------+------------------------+
; Name                               ; estado_presente.reinicio_sistema ; estado_presente.advertencia ; estado_presente.salida_noaprobada ; estado_presente.salida_aprobada ; estado_presente.vehiculo_detectado ; estado_presente.inicio ;
+------------------------------------+----------------------------------+-----------------------------+-----------------------------------+---------------------------------+------------------------------------+------------------------+
; estado_presente.inicio             ; 0                                ; 0                           ; 0                                 ; 0                               ; 0                                  ; 0                      ;
; estado_presente.vehiculo_detectado ; 0                                ; 0                           ; 0                                 ; 0                               ; 1                                  ; 1                      ;
; estado_presente.salida_aprobada    ; 0                                ; 0                           ; 0                                 ; 1                               ; 0                                  ; 1                      ;
; estado_presente.salida_noaprobada  ; 0                                ; 0                           ; 1                                 ; 0                               ; 0                                  ; 1                      ;
; estado_presente.advertencia        ; 0                                ; 1                           ; 0                                 ; 0                               ; 0                                  ; 1                      ;
; estado_presente.reinicio_sistema   ; 1                                ; 0                           ; 0                                 ; 0                               ; 0                                  ; 1                      ;
+------------------------------------+----------------------------------+-----------------------------+-----------------------------------+---------------------------------+------------------------------------+------------------------+


Encoding Type:  One-Hot
+-----------------------------------------------------------------------------------------------------------------------------------------------------------------------------------------------------------------------------------------+
; State Machine - |Peaje_total|semaforo_inicial:A1|moore_peaje:A0|estado_presente                                                                                                                                                         ;
+------------------------------------+----------------------------------+-----------------------------+-----------------------------------+---------------------------------+------------------------------------+------------------------+
; Name                               ; estado_presente.reinicio_sistema ; estado_presente.advertencia ; estado_presente.salida_noaprobada ; estado_presente.salida_aprobada ; estado_presente.vehiculo_detectado ; estado_presente.inicio ;
+------------------------------------+----------------------------------+-----------------------------+-----------------------------------+---------------------------------+------------------------------------+------------------------+
; estado_presente.inicio             ; 0                                ; 0                           ; 0                                 ; 0                               ; 0                                  ; 0                      ;
; estado_presente.vehiculo_detectado ; 0                                ; 0                           ; 0                                 ; 0                               ; 1                                  ; 1                      ;
; estado_presente.salida_aprobada    ; 0                                ; 0                           ; 0                                 ; 1                               ; 0                                  ; 1                      ;
; estado_presente.salida_noaprobada  ; 0                                ; 0                           ; 1                                 ; 0                               ; 0                                  ; 1                      ;
; estado_presente.advertencia        ; 0                                ; 1                           ; 0                                 ; 0                               ; 0                                  ; 1                      ;
; estado_presente.reinicio_sistema   ; 1                                ; 0                           ; 0                                 ; 0                               ; 0                                  ; 1                      ;
+------------------------------------+----------------------------------+-----------------------------+-----------------------------------+---------------------------------+------------------------------------+------------------------+


+---------------------------------------------------------------------------------------------------------------------+
; Registers Removed During Synthesis                                                                                  ;
+-----------------------------------------------------------------------+---------------------------------------------+
; Register name                                                         ; Reason for Removal                          ;
+-----------------------------------------------------------------------+---------------------------------------------+
; main2:A7|pwm:u1|duty_cycle[11..14]                                    ; Stuck at GND due to stuck port data_in      ;
; main2:A7|pwm:u1|duty_cycle[3,6..8]                                    ; Stuck at VCC due to stuck port data_in      ;
; main2:A7|pwm:u1|duty_cycle[0,1]                                       ; Stuck at GND due to stuck port data_in      ;
; main:A6|pwm:u1|duty_cycle[11..14]                                     ; Stuck at GND due to stuck port data_in      ;
; main:A6|pwm:u1|duty_cycle[3,6..8]                                     ; Stuck at VCC due to stuck port data_in      ;
; main:A6|pwm:u1|duty_cycle[0,1]                                        ; Stuck at GND due to stuck port data_in      ;
; main:A6|control:u2|pwm_reset                                          ; Merged with main2:A7|control:u2|pwm_reset   ;
; main2:A7|control:u2|pwm_enable                                        ; Stuck at GND due to stuck port data_in      ;
; main2:A7|pwm:u1|count[0..14]                                          ; Stuck at GND due to stuck port clock_enable ;
; main2:A7|pwm:u1|duty_cycle[10]                                        ; Stuck at GND due to stuck port data_in      ;
; main2:A7|pwm:u1|duty_cycle[5,9]                                       ; Stuck at VCC due to stuck port data_in      ;
; main2:A7|pwm:u1|duty_cycle[2,4]                                       ; Stuck at GND due to stuck port data_in      ;
; main2:A7|pwm:u1|pwm_out                                               ; Stuck at GND due to stuck port data_in      ;
; main:A6|control:u2|pwm_enable                                         ; Stuck at GND due to stuck port data_in      ;
; main:A6|pwm:u1|count[0..14]                                           ; Stuck at GND due to stuck port clock_enable ;
; main:A6|pwm:u1|duty_cycle[10]                                         ; Stuck at GND due to stuck port data_in      ;
; main:A6|pwm:u1|duty_cycle[5,9]                                        ; Stuck at VCC due to stuck port data_in      ;
; main:A6|pwm:u1|duty_cycle[2,4]                                        ; Stuck at GND due to stuck port data_in      ;
; main:A6|pwm:u1|pwm_out                                                ; Stuck at GND due to stuck port data_in      ;
; main2:A7|moore_peaje:A0|estado_presente.salida_aprobada               ; Lost fanout                                 ;
; main:A6|moore_peaje:A0|estado_presente.salida_aprobada                ; Lost fanout                                 ;
; semaforo_inicial:A1|moore_peaje:A0|estado_presente.salida_aprobada    ; Lost fanout                                 ;
; main2:A7|moore_peaje:A0|estado_presente.inicio                        ; Lost fanout                                 ;
; main2:A7|moore_peaje:A0|estado_presente.vehiculo_detectado            ; Lost fanout                                 ;
; main2:A7|moore_peaje:A0|estado_presente.salida_noaprobada             ; Lost fanout                                 ;
; main2:A7|moore_peaje:A0|estado_presente.reinicio_sistema              ; Lost fanout                                 ;
; main:A6|moore_peaje:A0|estado_presente.inicio                         ; Lost fanout                                 ;
; main:A6|moore_peaje:A0|estado_presente.vehiculo_detectado             ; Lost fanout                                 ;
; main:A6|moore_peaje:A0|estado_presente.salida_noaprobada              ; Lost fanout                                 ;
; main:A6|moore_peaje:A0|estado_presente.reinicio_sistema               ; Lost fanout                                 ;
; semaforo_inicial:A1|moore_peaje:A0|estado_presente.vehiculo_detectado ; Lost fanout                                 ;
; semaforo_inicial:A1|moore_peaje:A0|estado_presente.salida_noaprobada  ; Lost fanout                                 ;
; semaforo_inicial:A1|moore_peaje:A0|estado_presente.reinicio_sistema   ; Lost fanout                                 ;
; semaforo_inicial:A1|moore_peaje:A0|estado_presente.inicio             ; Stuck at GND due to stuck port clear        ;
; semaforo_inicial:A1|moore_peaje:A0|estado_presente.advertencia        ; Stuck at GND due to stuck port clear        ;
; main2:A7|moore_peaje:A0|estado_presente.advertencia                   ; Lost fanout                                 ;
; main:A6|moore_peaje:A0|estado_presente.advertencia                    ; Lost fanout                                 ;
; moore_peaje:A4|estado_presente.advertencia                            ; Stuck at GND due to stuck port data_in      ;
; Total Number of Removed Registers = 84                                ;                                             ;
+-----------------------------------------------------------------------+---------------------------------------------+


+--------------------------------------------------------------------------------------------------------------------------------------------+
; Removed Registers Triggering Further Register Optimizations                                                                                ;
+--------------------------------+---------------------------+-------------------------------------------------------------------------------+
; Register name                  ; Reason for Removal        ; Registers Removed due to This Register                                        ;
+--------------------------------+---------------------------+-------------------------------------------------------------------------------+
; main2:A7|control:u2|pwm_enable ; Stuck at GND              ; main2:A7|pwm:u1|count[8], main2:A7|pwm:u1|count[7], main2:A7|pwm:u1|count[6], ;
;                                ; due to stuck port data_in ; main2:A7|pwm:u1|count[5], main2:A7|pwm:u1|count[4], main2:A7|pwm:u1|count[3], ;
;                                ;                           ; main2:A7|pwm:u1|count[2], main2:A7|pwm:u1|count[1], main2:A7|pwm:u1|count[0], ;
;                                ;                           ; main2:A7|pwm:u1|duty_cycle[10], main2:A7|pwm:u1|duty_cycle[9],                ;
;                                ;                           ; main2:A7|pwm:u1|duty_cycle[5], main2:A7|pwm:u1|duty_cycle[4],                 ;
;                                ;                           ; main2:A7|pwm:u1|duty_cycle[2]                                                 ;
; main:A6|control:u2|pwm_enable  ; Stuck at GND              ; main:A6|pwm:u1|count[8], main:A6|pwm:u1|count[7], main:A6|pwm:u1|count[6],    ;
;                                ; due to stuck port data_in ; main:A6|pwm:u1|count[5], main:A6|pwm:u1|count[4], main:A6|pwm:u1|count[3],    ;
;                                ;                           ; main:A6|pwm:u1|count[2], main:A6|pwm:u1|count[1], main:A6|pwm:u1|count[0],    ;
;                                ;                           ; main:A6|pwm:u1|duty_cycle[10], main:A6|pwm:u1|duty_cycle[9],                  ;
;                                ;                           ; main:A6|pwm:u1|duty_cycle[5], main:A6|pwm:u1|duty_cycle[4],                   ;
;                                ;                           ; main:A6|pwm:u1|duty_cycle[2]                                                  ;
; main2:A7|pwm:u1|duty_cycle[14] ; Stuck at GND              ; main2:A7|pwm:u1|pwm_out                                                       ;
;                                ; due to stuck port data_in ;                                                                               ;
; main:A6|pwm:u1|duty_cycle[14]  ; Stuck at GND              ; main:A6|pwm:u1|pwm_out                                                        ;
;                                ; due to stuck port data_in ;                                                                               ;
+--------------------------------+---------------------------+-------------------------------------------------------------------------------+


+------------------------------------------------------+
; General Register Statistics                          ;
+----------------------------------------------+-------+
; Statistic                                    ; Value ;
+----------------------------------------------+-------+
; Total registers                              ; 95    ;
; Number of registers using Synchronous Clear  ; 7     ;
; Number of registers using Synchronous Load   ; 0     ;
; Number of registers using Asynchronous Clear ; 5     ;
; Number of registers using Asynchronous Load  ; 0     ;
; Number of registers using Clock Enable       ; 63    ;
; Number of registers using Preset             ; 0     ;
+----------------------------------------------+-------+


+----------------------------------------------------------------------------------------------------------------------------------------------------------+
; Multiplexer Restructuring Statistics (Restructuring Performed)                                                                                           ;
+--------------------+-----------+---------------+----------------------+------------------------+------------+--------------------------------------------+
; Multiplexer Inputs ; Bus Width ; Baseline Area ; Area if Restructured ; Saving if Restructured ; Registered ; Example Multiplexer Output                 ;
+--------------------+-----------+---------------+----------------------+------------------------+------------+--------------------------------------------+
; 3:1                ; 7 bits    ; 14 LEs        ; 7 LEs                ; 7 LEs                  ; Yes        ; |Peaje_total|contador:A3|vehiculo_count[0] ;
+--------------------+-----------+---------------+----------------------+------------------------+------------+--------------------------------------------+


+---------------------------------------------------------------------------------------------------------------------+
; Port Connectivity Checks: "main2:A7|moore_peaje:A0"                                                                 ;
+-----------+--------+----------+-------------------------------------------------------------------------------------+
; Port      ; Type   ; Severity ; Details                                                                             ;
+-----------+--------+----------+-------------------------------------------------------------------------------------+
; talan_i   ; Output ; Info     ; Connected to dangling logic. Logic that only feeds a dangling port will be removed. ;
; talan_f   ; Output ; Info     ; Connected to dangling logic. Logic that only feeds a dangling port will be removed. ;
; sema_i    ; Output ; Info     ; Connected to dangling logic. Logic that only feeds a dangling port will be removed. ;
; sema_f    ; Output ; Info     ; Connected to dangling logic. Logic that only feeds a dangling port will be removed. ;
; led_rojo  ; Output ; Info     ; Connected to dangling logic. Logic that only feeds a dangling port will be removed. ;
; led_verde ; Output ; Info     ; Connected to dangling logic. Logic that only feeds a dangling port will be removed. ;
; alarma    ; Output ; Info     ; Connected to dangling logic. Logic that only feeds a dangling port will be removed. ;
+-----------+--------+----------+-------------------------------------------------------------------------------------+


+---------------------------------------------------------------------------------------------------------------------+
; Port Connectivity Checks: "main:A6|moore_peaje:A0"                                                                  ;
+-----------+--------+----------+-------------------------------------------------------------------------------------+
; Port      ; Type   ; Severity ; Details                                                                             ;
+-----------+--------+----------+-------------------------------------------------------------------------------------+
; talan_i   ; Output ; Info     ; Connected to dangling logic. Logic that only feeds a dangling port will be removed. ;
; talan_f   ; Output ; Info     ; Connected to dangling logic. Logic that only feeds a dangling port will be removed. ;
; sema_i    ; Output ; Info     ; Connected to dangling logic. Logic that only feeds a dangling port will be removed. ;
; sema_f    ; Output ; Info     ; Connected to dangling logic. Logic that only feeds a dangling port will be removed. ;
; led_rojo  ; Output ; Info     ; Connected to dangling logic. Logic that only feeds a dangling port will be removed. ;
; led_verde ; Output ; Info     ; Connected to dangling logic. Logic that only feeds a dangling port will be removed. ;
; alarma    ; Output ; Info     ; Connected to dangling logic. Logic that only feeds a dangling port will be removed. ;
+-----------+--------+----------+-------------------------------------------------------------------------------------+


+-------------------------------------------------------------------------------------------------------------------+
; Port Connectivity Checks: "moore_peaje:A4"                                                                        ;
+---------+--------+----------+-------------------------------------------------------------------------------------+
; Port    ; Type   ; Severity ; Details                                                                             ;
+---------+--------+----------+-------------------------------------------------------------------------------------+
; talan_i ; Output ; Info     ; Connected to dangling logic. Logic that only feeds a dangling port will be removed. ;
; talan_f ; Output ; Info     ; Connected to dangling logic. Logic that only feeds a dangling port will be removed. ;
; sema_i  ; Output ; Info     ; Connected to dangling logic. Logic that only feeds a dangling port will be removed. ;
; sema_f  ; Output ; Info     ; Connected to dangling logic. Logic that only feeds a dangling port will be removed. ;
+---------+--------+----------+-------------------------------------------------------------------------------------+


+---------------------------------------------------------------------------------------------------------------------+
; Port Connectivity Checks: "semaforo_inicial:A1|moore_peaje:A0"                                                      ;
+-----------+--------+----------+-------------------------------------------------------------------------------------+
; Port      ; Type   ; Severity ; Details                                                                             ;
+-----------+--------+----------+-------------------------------------------------------------------------------------+
; talan_i   ; Output ; Info     ; Connected to dangling logic. Logic that only feeds a dangling port will be removed. ;
; talan_f   ; Output ; Info     ; Connected to dangling logic. Logic that only feeds a dangling port will be removed. ;
; sema_i    ; Output ; Info     ; Connected to dangling logic. Logic that only feeds a dangling port will be removed. ;
; sema_f    ; Output ; Info     ; Connected to dangling logic. Logic that only feeds a dangling port will be removed. ;
; led_rojo  ; Output ; Info     ; Connected to dangling logic. Logic that only feeds a dangling port will be removed. ;
; led_verde ; Output ; Info     ; Connected to dangling logic. Logic that only feeds a dangling port will be removed. ;
; alarma    ; Output ; Info     ; Connected to dangling logic. Logic that only feeds a dangling port will be removed. ;
+-----------+--------+----------+-------------------------------------------------------------------------------------+


+-------------------------------+
; Elapsed Time Per Partition    ;
+----------------+--------------+
; Partition Name ; Elapsed Time ;
+----------------+--------------+
; Top            ; 00:00:00     ;
+----------------+--------------+


+-------------------------------+
; Analysis & Synthesis Messages ;
+-------------------------------+
Info: *******************************************************************
Info: Running Quartus II 64-Bit Analysis & Synthesis
    Info: Version 13.1.0 Build 162 10/23/2013 SJ Web Edition
    Info: Processing started: Wed May 15 20:31:59 2024
Info: Command: quartus_map --read_settings_files=on --write_settings_files=off Peaje_total -c Peaje_total
Warning (20028): Parallel compilation is not licensed and has been disabled
Info (12021): Found 2 design units, including 1 entities, in source file /users/laura/documents/parcial2-vhdl/servo2/main_carpet/main2.vhd
    Info (12022): Found design unit 1: main2-Behavioral
    Info (12023): Found entity 1: main2
Info (12021): Found 2 design units, including 1 entities, in source file /users/laura/documents/parcial2-vhdl/servo1/pwm_carpet/pwm.vhd
    Info (12022): Found design unit 1: pwm-Behavioral
    Info (12023): Found entity 1: pwm
Info (12021): Found 2 design units, including 1 entities, in source file /users/laura/documents/parcial2-vhdl/servo1/control_carpet/main.vhd
    Info (12022): Found design unit 1: main-Behavioral
    Info (12023): Found entity 1: main
Info (12021): Found 2 design units, including 1 entities, in source file /users/laura/documents/parcial2-vhdl/servo1/control_carpet/control.vhd
    Info (12022): Found design unit 1: control-Behavioral
    Info (12023): Found entity 1: control
Info (12021): Found 2 design units, including 1 entities, in source file /users/laura/documents/parcial2-vhdl/moore_peaje/moore_peaje.vhd/moore_peaje.vhd
    Info (12022): Found design unit 1: moore_peaje-moore_peaje_arch
    Info (12023): Found entity 1: moore_peaje
Info (12021): Found 2 design units, including 1 entities, in source file /users/laura/documents/parcial2-vhdl/semaforo_entrada/semaforo_inicial.vhd
    Info (12022): Found design unit 1: semaforo_inicial-semaforo_inicial_arch
    Info (12023): Found entity 1: semaforo_inicial
Info (12021): Found 2 design units, including 1 entities, in source file /users/laura/downloads/parcial2-vhdl/parcial2-vhdl/semaforo_salida/control_semaforo.vhd
    Info (12022): Found design unit 1: control_semaforo-control_semaforo_arch
    Info (12023): Found entity 1: control_semaforo
Info (12021): Found 2 design units, including 0 entities, in source file /users/laura/documents/parcial2-vhdl/categoria/paquete_categoria/my_package1.vhd
    Info (12022): Found design unit 1: my_package1
    Info (12022): Found design unit 2: my_package1-body
Info (12021): Found 2 design units, including 1 entities, in source file /users/laura/documents/parcial2-vhdl/tarifa/tarifa.vhd
    Info (12022): Found design unit 1: tarifa-tarifa_arch
    Info (12023): Found entity 1: tarifa
Info (12021): Found 2 design units, including 1 entities, in source file /users/laura/documents/parcial2-vhdl/contador/contador.vhd
    Info (12022): Found design unit 1: contador-behavior
    Info (12023): Found entity 1: contador
Info (12021): Found 2 design units, including 1 entities, in source file /users/laura/documents/parcial2-vhdl/categoria/categoria_p/categoria.vhd
    Info (12022): Found design unit 1: categoria-categoria_arch
    Info (12023): Found entity 1: categoria
Info (12021): Found 2 design units, including 1 entities, in source file peaje_total.vhd
    Info (12022): Found design unit 1: Peaje_total-Peaje_total_arch
    Info (12023): Found entity 1: Peaje_total
Info (12127): Elaborating entity "Peaje_total" for the top level hierarchy
Warning (10036): Verilog HDL or VHDL warning at Peaje_total.vhd(118): object "talan_is" assigned a value but never read
Warning (10036): Verilog HDL or VHDL warning at Peaje_total.vhd(119): object "talan_fs" assigned a value but never read
Warning (10036): Verilog HDL or VHDL warning at Peaje_total.vhd(120): object "sema_i_internal" assigned a value but never read
Warning (10541): VHDL Signal Declaration warning at Peaje_total.vhd(122): used implicit default value for signal "sensor_s1" because signal was never assigned a value or an explicit default value. Use of implicit default value may introduce unintended design optimizations.
Warning (10541): VHDL Signal Declaration warning at Peaje_total.vhd(123): used implicit default value for signal "sensor_s2" because signal was never assigned a value or an explicit default value. Use of implicit default value may introduce unintended design optimizations.
Info (12128): Elaborating entity "semaforo_inicial" for hierarchy "semaforo_inicial:A1"
Warning (10541): VHDL Signal Declaration warning at semaforo_inicial.vhd(35): used implicit default value for signal "s_clk" because signal was never assigned a value or an explicit default value. Use of implicit default value may introduce unintended design optimizations.
Warning (10541): VHDL Signal Declaration warning at semaforo_inicial.vhd(36): used implicit default value for signal "s_reset" because signal was never assigned a value or an explicit default value. Use of implicit default value may introduce unintended design optimizations.
Warning (10036): Verilog HDL or VHDL warning at semaforo_inicial.vhd(37): object "s_talan_i" assigned a value but never read
Warning (10036): Verilog HDL or VHDL warning at semaforo_inicial.vhd(38): object "s_talan_f" assigned a value but never read
Warning (10036): Verilog HDL or VHDL warning at semaforo_inicial.vhd(39): object "s_sema_i" assigned a value but never read
Warning (10036): Verilog HDL or VHDL warning at semaforo_inicial.vhd(40): object "s_sema_f" assigned a value but never read
Warning (10036): Verilog HDL or VHDL warning at semaforo_inicial.vhd(41): object "s_led_rojo" assigned a value but never read
Warning (10036): Verilog HDL or VHDL warning at semaforo_inicial.vhd(42): object "s_led_verde" assigned a value but never read
Warning (10036): Verilog HDL or VHDL warning at semaforo_inicial.vhd(43): object "s_alarma" assigned a value but never read
Warning (10541): VHDL Signal Declaration warning at semaforo_inicial.vhd(45): used implicit default value for signal "s_id" because signal was never assigned a value or an explicit default value. Use of implicit default value may introduce unintended design optimizations.
Warning (10541): VHDL Signal Declaration warning at semaforo_inicial.vhd(46): used implicit default value for signal "s_back_sensor" because signal was never assigned a value or an explicit default value. Use of implicit default value may introduce unintended design optimizations.
Warning (10541): VHDL Signal Declaration warning at semaforo_inicial.vhd(47): used implicit default value for signal "s_tx" because signal was never assigned a value or an explicit default value. Use of implicit default value may introduce unintended design optimizations.
Info (12128): Elaborating entity "moore_peaje" for hierarchy "semaforo_inicial:A1|moore_peaje:A0"
Warning (10492): VHDL Process Statement warning at moore_peaje.vhd(37): signal "estado_presente" is read inside the Process Statement but isn't in the Process Statement's sensitivity list
Info (12128): Elaborating entity "control_semaforo" for hierarchy "control_semaforo:A0"
Info (12128): Elaborating entity "categoria" for hierarchy "categoria:A2"
Info (12128): Elaborating entity "contador" for hierarchy "contador:A3"
Info (12128): Elaborating entity "tarifa" for hierarchy "tarifa:A5"
Info (12128): Elaborating entity "main" for hierarchy "main:A6"
Warning (10541): VHDL Signal Declaration warning at main.vhd(49): used implicit default value for signal "angle" because signal was never assigned a value or an explicit default value. Use of implicit default value may introduce unintended design optimizations.
Warning (10036): Verilog HDL or VHDL warning at main.vhd(53): object "s_talan_i" assigned a value but never read
Warning (10036): Verilog HDL or VHDL warning at main.vhd(54): object "s_talan_f" assigned a value but never read
Warning (10036): Verilog HDL or VHDL warning at main.vhd(55): object "s_sema_i" assigned a value but never read
Warning (10036): Verilog HDL or VHDL warning at main.vhd(56): object "s_sema_f" assigned a value but never read
Warning (10036): Verilog HDL or VHDL warning at main.vhd(57): object "s_led_rojo" assigned a value but never read
Warning (10036): Verilog HDL or VHDL warning at main.vhd(58): object "s_led_verde" assigned a value but never read
Warning (10036): Verilog HDL or VHDL warning at main.vhd(59): object "s_alarma" assigned a value but never read
Warning (10541): VHDL Signal Declaration warning at main.vhd(60): used implicit default value for signal "s_front_sensor" because signal was never assigned a value or an explicit default value. Use of implicit default value may introduce unintended design optimizations.
Warning (10541): VHDL Signal Declaration warning at main.vhd(61): used implicit default value for signal "s_id" because signal was never assigned a value or an explicit default value. Use of implicit default value may introduce unintended design optimizations.
Warning (10541): VHDL Signal Declaration warning at main.vhd(62): used implicit default value for signal "s_back_sensor" because signal was never assigned a value or an explicit default value. Use of implicit default value may introduce unintended design optimizations.
Warning (10541): VHDL Signal Declaration warning at main.vhd(63): used implicit default value for signal "s_tx" because signal was never assigned a value or an explicit default value. Use of implicit default value may introduce unintended design optimizations.
Info (12128): Elaborating entity "pwm" for hierarchy "main:A6|pwm:u1"
Info (12128): Elaborating entity "control" for hierarchy "main:A6|control:u2"
Info (12128): Elaborating entity "main2" for hierarchy "main2:A7"
Warning (10541): VHDL Signal Declaration warning at main2.vhd(49): used implicit default value for signal "angle" because signal was never assigned a value or an explicit default value. Use of implicit default value may introduce unintended design optimizations.
Warning (10036): Verilog HDL or VHDL warning at main2.vhd(53): object "s_talan_i" assigned a value but never read
Warning (10036): Verilog HDL or VHDL warning at main2.vhd(54): object "s_talan_f" assigned a value but never read
Warning (10036): Verilog HDL or VHDL warning at main2.vhd(55): object "s_sema_i" assigned a value but never read
Warning (10036): Verilog HDL or VHDL warning at main2.vhd(56): object "s_sema_f" assigned a value but never read
Warning (10036): Verilog HDL or VHDL warning at main2.vhd(57): object "s_led_rojo" assigned a value but never read
Warning (10036): Verilog HDL or VHDL warning at main2.vhd(58): object "s_led_verde" assigned a value but never read
Warning (10036): Verilog HDL or VHDL warning at main2.vhd(59): object "s_alarma" assigned a value but never read
Warning (10541): VHDL Signal Declaration warning at main2.vhd(60): used implicit default value for signal "s_front_sensor" because signal was never assigned a value or an explicit default value. Use of implicit default value may introduce unintended design optimizations.
Warning (10541): VHDL Signal Declaration warning at main2.vhd(61): used implicit default value for signal "s_id" because signal was never assigned a value or an explicit default value. Use of implicit default value may introduce unintended design optimizations.
Warning (10541): VHDL Signal Declaration warning at main2.vhd(62): used implicit default value for signal "s_back_sensor" because signal was never assigned a value or an explicit default value. Use of implicit default value may introduce unintended design optimizations.
Warning (10541): VHDL Signal Declaration warning at main2.vhd(63): used implicit default value for signal "s_tx" because signal was never assigned a value or an explicit default value. Use of implicit default value may introduce unintended design optimizations.
Info (276014): Found 1 instances of uninferred RAM logic
    Info (276004): RAM logic "contador:A3|RW" is uninferred due to inappropriate RAM size
Warning (13024): Output pins are stuck at VCC or GND
    Warning (13410): Pin "semaforo_entrada[0]" is stuck at GND
    Warning (13410): Pin "semaforo_final[0]" is stuck at GND
    Warning (13410): Pin "talanquera_inicial" is stuck at GND
    Warning (13410): Pin "talanquera_final" is stuck at GND
    Warning (13410): Pin "alarm" is stuck at GND
    Warning (13410): Pin "tarifa_peaje[1]" is stuck at GND
Info (286030): Timing-Driven Synthesis is running
Info (17049): 16 registers lost all their fanouts during netlist optimizations.
Warning (20013): Ignored assignments for entity "DE0_Default" -- entity does not exist in design
    Warning (20014): Assignment for entity set_global_assignment -name LL_ROOT_REGION ON -entity DE0_Default -section_id "Root Region" was ignored
    Warning (20014): Assignment for entity set_global_assignment -name LL_MEMBER_STATE LOCKED -entity DE0_Default -section_id "Root Region" was ignored
    Warning (20014): Assignment for entity set_global_assignment -name LL_ROUTING_REGION OFF -entity DE0_Default -section_id "Root Region" was ignored
    Warning (20014): Assignment for entity set_instance_assignment -name PARTITION_HIERARCHY root_partition -to | -entity DE0_Default -section_id Top was ignored
    Warning (20014): Assignment for entity set_global_assignment -name PARTITION_NETLIST_TYPE SOURCE -entity DE0_Default -section_id Top was ignored
    Warning (20014): Assignment for entity set_global_assignment -name PARTITION_PRESERVE_HIGH_SPEED_TILES ON -entity DE0_Default -section_id Top was ignored
    Warning (20014): Assignment for entity set_global_assignment -name PARTITION_IGNORE_SOURCE_FILE_CHANGES OFF -entity DE0_Default -section_id Top was ignored
    Warning (20014): Assignment for entity set_global_assignment -name PARTITION_ALWAYS_USE_QXP_NETLIST OFF -entity DE0_Default -section_id Top was ignored
    Warning (20014): Assignment for entity set_global_assignment -name PARTITION_COLOR 14622752 -entity DE0_Default -section_id Top was ignored
    Warning (20014): Assignment for entity set_global_assignment -name PARTITION_IMPORT_ASSIGNMENTS ON -entity DE0_Default -section_id Top was ignored
    Warning (20014): Assignment for entity set_global_assignment -name PARTITION_IMPORT_EXISTING_ASSIGNMENTS REPLACE_CONFLICTING -entity DE0_Default -section_id Top was ignored
    Warning (20014): Assignment for entity set_global_assignment -name PARTITION_IMPORT_EXISTING_LOGICLOCK_REGIONS UPDATE_CONFLICTING -entity DE0_Default -section_id Top was ignored
    Warning (20014): Assignment for entity set_global_assignment -name PARTITION_IMPORT_PIN_ASSIGNMENTS ON -entity DE0_Default -section_id Top was ignored
    Warning (20014): Assignment for entity set_global_assignment -name PARTITION_IMPORT_PROMOTE_ASSIGNMENTS ON -entity DE0_Default -section_id Top was ignored
    Warning (20014): Assignment for entity set_global_assignment -name PARTITION_TYPE STANDARD_PARTITION -entity DE0_Default -section_id Top was ignored
    Warning (20014): Assignment for entity set_global_assignment -name ALLOW_MULTIPLE_PERSONAS OFF -entity DE0_Default -section_id Top was ignored
    Warning (20014): Assignment for entity set_global_assignment -name PARTITION_ASD_REGION_ID 1 -entity DE0_Default -section_id Top was ignored
    Warning (20014): Assignment for entity set_global_assignment -name CROSS_BOUNDARY_OPTIMIZATIONS OFF -entity DE0_Default -section_id Top was ignored
    Warning (20014): Assignment for entity set_global_assignment -name PROPAGATE_CONSTANTS_ON_INPUTS ON -entity DE0_Default -section_id Top was ignored
    Warning (20014): Assignment for entity set_global_assignment -name PROPAGATE_INVERSIONS_ON_INPUTS ON -entity DE0_Default -section_id Top was ignored
    Warning (20014): Assignment for entity set_global_assignment -name REMOVE_LOGIC_ON_UNCONNECTED_OUTPUTS ON -entity DE0_Default -section_id Top was ignored
    Warning (20014): Assignment for entity set_global_assignment -name MERGE_EQUIVALENT_INPUTS ON -entity DE0_Default -section_id Top was ignored
    Warning (20014): Assignment for entity set_global_assignment -name MERGE_EQUIVALENT_BIDIRS ON -entity DE0_Default -section_id Top was ignored
    Warning (20014): Assignment for entity set_global_assignment -name ABSORB_PATHS_FROM_OUTPUTS_TO_INPUTS ON -entity DE0_Default -section_id Top was ignored
    Warning (20014): Assignment for entity set_global_assignment -name PARTITION_EXTRACT_HARD_BLOCK_NODES ON -entity DE0_Default -section_id Top was ignored
    Warning (20014): Assignment for entity set_global_assignment -name PARTITION_ENABLE_STRICT_PRESERVATION OFF -entity DE0_Default -section_id Top was ignored
Warning (20013): Ignored assignments for entity "Lab3a_s1" -- entity does not exist in design
    Warning (20014): Assignment for entity set_instance_assignment -name PARTITION_HIERARCHY root_partition -to | -entity Lab3a_s1 -section_id Top was ignored
    Warning (20014): Assignment for entity set_global_assignment -name PARTITION_NETLIST_TYPE SOURCE -entity Lab3a_s1 -section_id Top was ignored
    Warning (20014): Assignment for entity set_global_assignment -name PARTITION_FITTER_PRESERVATION_LEVEL PLACEMENT_AND_ROUTING -entity Lab3a_s1 -section_id Top was ignored
    Warning (20014): Assignment for entity set_global_assignment -name PARTITION_PRESERVE_HIGH_SPEED_TILES ON -entity Lab3a_s1 -section_id Top was ignored
    Warning (20014): Assignment for entity set_global_assignment -name PARTITION_IGNORE_SOURCE_FILE_CHANGES OFF -entity Lab3a_s1 -section_id Top was ignored
    Warning (20014): Assignment for entity set_global_assignment -name PARTITION_ALWAYS_USE_QXP_NETLIST OFF -entity Lab3a_s1 -section_id Top was ignored
    Warning (20014): Assignment for entity set_global_assignment -name PARTITION_COLOR 16764057 -entity Lab3a_s1 -section_id Top was ignored
    Warning (20014): Assignment for entity set_global_assignment -name PARTITION_IMPORT_ASSIGNMENTS ON -entity Lab3a_s1 -section_id Top was ignored
    Warning (20014): Assignment for entity set_global_assignment -name PARTITION_IMPORT_EXISTING_ASSIGNMENTS REPLACE_CONFLICTING -entity Lab3a_s1 -section_id Top was ignored
    Warning (20014): Assignment for entity set_global_assignment -name PARTITION_IMPORT_EXISTING_LOGICLOCK_REGIONS UPDATE_CONFLICTING -entity Lab3a_s1 -section_id Top was ignored
    Warning (20014): Assignment for entity set_global_assignment -name PARTITION_IMPORT_PIN_ASSIGNMENTS ON -entity Lab3a_s1 -section_id Top was ignored
    Warning (20014): Assignment for entity set_global_assignment -name PARTITION_IMPORT_PROMOTE_ASSIGNMENTS ON -entity Lab3a_s1 -section_id Top was ignored
    Warning (20014): Assignment for entity set_global_assignment -name PARTITION_TYPE STANDARD_PARTITION -entity Lab3a_s1 -section_id Top was ignored
    Warning (20014): Assignment for entity set_global_assignment -name ALLOW_MULTIPLE_PERSONAS OFF -entity Lab3a_s1 -section_id Top was ignored
    Warning (20014): Assignment for entity set_global_assignment -name PARTITION_ASD_REGION_ID 1 -entity Lab3a_s1 -section_id Top was ignored
    Warning (20014): Assignment for entity set_global_assignment -name CROSS_BOUNDARY_OPTIMIZATIONS OFF -entity Lab3a_s1 -section_id Top was ignored
    Warning (20014): Assignment for entity set_global_assignment -name PROPAGATE_CONSTANTS_ON_INPUTS ON -entity Lab3a_s1 -section_id Top was ignored
    Warning (20014): Assignment for entity set_global_assignment -name PROPAGATE_INVERSIONS_ON_INPUTS ON -entity Lab3a_s1 -section_id Top was ignored
    Warning (20014): Assignment for entity set_global_assignment -name REMOVE_LOGIC_ON_UNCONNECTED_OUTPUTS ON -entity Lab3a_s1 -section_id Top was ignored
    Warning (20014): Assignment for entity set_global_assignment -name MERGE_EQUIVALENT_INPUTS ON -entity Lab3a_s1 -section_id Top was ignored
    Warning (20014): Assignment for entity set_global_assignment -name MERGE_EQUIVALENT_BIDIRS ON -entity Lab3a_s1 -section_id Top was ignored
    Warning (20014): Assignment for entity set_global_assignment -name ABSORB_PATHS_FROM_OUTPUTS_TO_INPUTS ON -entity Lab3a_s1 -section_id Top was ignored
    Warning (20014): Assignment for entity set_global_assignment -name PARTITION_EXTRACT_HARD_BLOCK_NODES ON -entity Lab3a_s1 -section_id Top was ignored
    Warning (20014): Assignment for entity set_global_assignment -name PARTITION_ENABLE_STRICT_PRESERVATION OFF -entity Lab3a_s1 -section_id Top was ignored
Warning (20013): Ignored assignments for entity "Lab3b" -- entity does not exist in design
    Warning (20014): Assignment for entity set_instance_assignment -name PARTITION_HIERARCHY root_partition -to | -entity Lab3b -section_id Top was ignored
    Warning (20014): Assignment for entity set_global_assignment -name PARTITION_NETLIST_TYPE SOURCE -entity Lab3b -section_id Top was ignored
    Warning (20014): Assignment for entity set_global_assignment -name PARTITION_FITTER_PRESERVATION_LEVEL PLACEMENT_AND_ROUTING -entity Lab3b -section_id Top was ignored
    Warning (20014): Assignment for entity set_global_assignment -name PARTITION_PRESERVE_HIGH_SPEED_TILES ON -entity Lab3b -section_id Top was ignored
    Warning (20014): Assignment for entity set_global_assignment -name PARTITION_IGNORE_SOURCE_FILE_CHANGES OFF -entity Lab3b -section_id Top was ignored
    Warning (20014): Assignment for entity set_global_assignment -name PARTITION_ALWAYS_USE_QXP_NETLIST OFF -entity Lab3b -section_id Top was ignored
    Warning (20014): Assignment for entity set_global_assignment -name PARTITION_COLOR 16764057 -entity Lab3b -section_id Top was ignored
    Warning (20014): Assignment for entity set_global_assignment -name PARTITION_IMPORT_ASSIGNMENTS ON -entity Lab3b -section_id Top was ignored
    Warning (20014): Assignment for entity set_global_assignment -name PARTITION_IMPORT_EXISTING_ASSIGNMENTS REPLACE_CONFLICTING -entity Lab3b -section_id Top was ignored
    Warning (20014): Assignment for entity set_global_assignment -name PARTITION_IMPORT_EXISTING_LOGICLOCK_REGIONS UPDATE_CONFLICTING -entity Lab3b -section_id Top was ignored
    Warning (20014): Assignment for entity set_global_assignment -name PARTITION_IMPORT_PIN_ASSIGNMENTS ON -entity Lab3b -section_id Top was ignored
    Warning (20014): Assignment for entity set_global_assignment -name PARTITION_IMPORT_PROMOTE_ASSIGNMENTS ON -entity Lab3b -section_id Top was ignored
    Warning (20014): Assignment for entity set_global_assignment -name PARTITION_TYPE STANDARD_PARTITION -entity Lab3b -section_id Top was ignored
    Warning (20014): Assignment for entity set_global_assignment -name ALLOW_MULTIPLE_PERSONAS OFF -entity Lab3b -section_id Top was ignored
    Warning (20014): Assignment for entity set_global_assignment -name PARTITION_ASD_REGION_ID 1 -entity Lab3b -section_id Top was ignored
    Warning (20014): Assignment for entity set_global_assignment -name CROSS_BOUNDARY_OPTIMIZATIONS OFF -entity Lab3b -section_id Top was ignored
    Warning (20014): Assignment for entity set_global_assignment -name PROPAGATE_CONSTANTS_ON_INPUTS ON -entity Lab3b -section_id Top was ignored
    Warning (20014): Assignment for entity set_global_assignment -name PROPAGATE_INVERSIONS_ON_INPUTS ON -entity Lab3b -section_id Top was ignored
    Warning (20014): Assignment for entity set_global_assignment -name REMOVE_LOGIC_ON_UNCONNECTED_OUTPUTS ON -entity Lab3b -section_id Top was ignored
    Warning (20014): Assignment for entity set_global_assignment -name MERGE_EQUIVALENT_INPUTS ON -entity Lab3b -section_id Top was ignored
    Warning (20014): Assignment for entity set_global_assignment -name MERGE_EQUIVALENT_BIDIRS ON -entity Lab3b -section_id Top was ignored
    Warning (20014): Assignment for entity set_global_assignment -name ABSORB_PATHS_FROM_OUTPUTS_TO_INPUTS ON -entity Lab3b -section_id Top was ignored
    Warning (20014): Assignment for entity set_global_assignment -name PARTITION_EXTRACT_HARD_BLOCK_NODES ON -entity Lab3b -section_id Top was ignored
    Warning (20014): Assignment for entity set_global_assignment -name PARTITION_ENABLE_STRICT_PRESERVATION OFF -entity Lab3b -section_id Top was ignored
Info (16010): Generating hard_block partition "hard_block:auto_generated_inst"
    Info (16011): Adding 0 node(s), including 0 DDIO, 0 PLL, 0 transceiver and 0 LCELL
Warning (21074): Design contains 5 input pin(s) that do not drive logic
    Warning (15610): No output dependent on input pin "identificacion[0]"
    Warning (15610): No output dependent on input pin "identificacion[1]"
    Warning (15610): No output dependent on input pin "identificacion[2]"
    Warning (15610): No output dependent on input pin "tx"
    Warning (15610): No output dependent on input pin "address[3]"
Info (21057): Implemented 208 device resources after synthesis - the final resource count might be different
    Info (21058): Implemented 15 input pins
    Info (21059): Implemented 27 output pins
    Info (21061): Implemented 166 logic cells
Info: Quartus II 64-Bit Analysis & Synthesis was successful. 0 errors, 133 warnings
    Info: Peak virtual memory: 4654 megabytes
    Info: Processing ended: Wed May 15 20:32:00 2024
    Info: Elapsed time: 00:00:01
    Info: Total CPU time (on all processors): 00:00:00


