Analysis & Synthesis report for semaforo_inicial
Wed May 15 18:02:27 2024
Quartus II 64-Bit Version 13.1.0 Build 162 10/23/2013 SJ Web Edition


---------------------
; Table of Contents ;
---------------------
  1. Legal Notice
  2. Analysis & Synthesis Summary
  3. Analysis & Synthesis Settings
  4. Parallel Compilation
  5. Analysis & Synthesis Source Files Read
  6. Analysis & Synthesis Resource Usage Summary
  7. Analysis & Synthesis Resource Utilization by Entity
  8. State Machine - |semaforo_inicial|moore_peaje:A0|estado_presente
  9. Registers Removed During Synthesis
 10. General Register Statistics
 11. Port Connectivity Checks: "moore_peaje:A0"
 12. Elapsed Time Per Partition
 13. Analysis & Synthesis Messages



----------------
; Legal Notice ;
----------------
Copyright (C) 1991-2013 Altera Corporation
Your use of Altera Corporation's design tools, logic functions 
and other software and tools, and its AMPP partner logic 
functions, and any output files from any of the foregoing 
(including device programming or simulation files), and any 
associated documentation or information are expressly subject 
to the terms and conditions of the Altera Program License 
Subscription Agreement, Altera MegaCore Function License 
Agreement, or other applicable license agreement, including, 
without limitation, that your use is for the sole purpose of 
programming logic devices manufactured by Altera and sold by 
Altera or its authorized distributors.  Please refer to the 
applicable agreement for further details.



+---------------------------------------------------------------------------------+
; Analysis & Synthesis Summary                                                    ;
+------------------------------------+--------------------------------------------+
; Analysis & Synthesis Status        ; Successful - Wed May 15 18:02:27 2024      ;
; Quartus II 64-Bit Version          ; 13.1.0 Build 162 10/23/2013 SJ Web Edition ;
; Revision Name                      ; semaforo_inicial                           ;
; Top-level Entity Name              ; semaforo_inicial                           ;
; Family                             ; Cyclone III                                ;
; Total logic elements               ; 0                                          ;
;     Total combinational functions  ; 0                                          ;
;     Dedicated logic registers      ; 0                                          ;
; Total registers                    ; 0                                          ;
; Total pins                         ; 4                                          ;
; Total virtual pins                 ; 0                                          ;
; Total memory bits                  ; 0                                          ;
; Embedded Multiplier 9-bit elements ; 0                                          ;
; Total PLLs                         ; 0                                          ;
+------------------------------------+--------------------------------------------+


+----------------------------------------------------------------------------------------------------------------------+
; Analysis & Synthesis Settings                                                                                        ;
+----------------------------------------------------------------------------+--------------------+--------------------+
; Option                                                                     ; Setting            ; Default Value      ;
+----------------------------------------------------------------------------+--------------------+--------------------+
; Device                                                                     ; EP3C16F484C6       ;                    ;
; Top-level entity name                                                      ; semaforo_inicial   ; semaforo_inicial   ;
; Family name                                                                ; Cyclone III        ; Cyclone IV GX      ;
; Use smart compilation                                                      ; Off                ; Off                ;
; Enable parallel Assembler and TimeQuest Timing Analyzer during compilation ; On                 ; On                 ;
; Enable compact report table                                                ; Off                ; Off                ;
; Restructure Multiplexers                                                   ; Auto               ; Auto               ;
; Create Debugging Nodes for IP Cores                                        ; Off                ; Off                ;
; Preserve fewer node names                                                  ; On                 ; On                 ;
; Disable OpenCore Plus hardware evaluation                                  ; Off                ; Off                ;
; Verilog Version                                                            ; Verilog_2001       ; Verilog_2001       ;
; VHDL Version                                                               ; VHDL_1993          ; VHDL_1993          ;
; State Machine Processing                                                   ; Auto               ; Auto               ;
; Safe State Machine                                                         ; Off                ; Off                ;
; Extract Verilog State Machines                                             ; On                 ; On                 ;
; Extract VHDL State Machines                                                ; On                 ; On                 ;
; Ignore Verilog initial constructs                                          ; Off                ; Off                ;
; Iteration limit for constant Verilog loops                                 ; 5000               ; 5000               ;
; Iteration limit for non-constant Verilog loops                             ; 250                ; 250                ;
; Add Pass-Through Logic to Inferred RAMs                                    ; On                 ; On                 ;
; Infer RAMs from Raw Logic                                                  ; On                 ; On                 ;
; Parallel Synthesis                                                         ; On                 ; On                 ;
; DSP Block Balancing                                                        ; Auto               ; Auto               ;
; NOT Gate Push-Back                                                         ; On                 ; On                 ;
; Power-Up Don't Care                                                        ; On                 ; On                 ;
; Remove Redundant Logic Cells                                               ; Off                ; Off                ;
; Remove Duplicate Registers                                                 ; On                 ; On                 ;
; Ignore CARRY Buffers                                                       ; Off                ; Off                ;
; Ignore CASCADE Buffers                                                     ; Off                ; Off                ;
; Ignore GLOBAL Buffers                                                      ; Off                ; Off                ;
; Ignore ROW GLOBAL Buffers                                                  ; Off                ; Off                ;
; Ignore LCELL Buffers                                                       ; Off                ; Off                ;
; Ignore SOFT Buffers                                                        ; On                 ; On                 ;
; Limit AHDL Integers to 32 Bits                                             ; Off                ; Off                ;
; Optimization Technique                                                     ; Balanced           ; Balanced           ;
; Carry Chain Length                                                         ; 70                 ; 70                 ;
; Auto Carry Chains                                                          ; On                 ; On                 ;
; Auto Open-Drain Pins                                                       ; On                 ; On                 ;
; Perform WYSIWYG Primitive Resynthesis                                      ; Off                ; Off                ;
; Auto ROM Replacement                                                       ; On                 ; On                 ;
; Auto RAM Replacement                                                       ; On                 ; On                 ;
; Auto DSP Block Replacement                                                 ; On                 ; On                 ;
; Auto Shift Register Replacement                                            ; Auto               ; Auto               ;
; Allow Shift Register Merging across Hierarchies                            ; Auto               ; Auto               ;
; Auto Clock Enable Replacement                                              ; On                 ; On                 ;
; Strict RAM Replacement                                                     ; Off                ; Off                ;
; Allow Synchronous Control Signals                                          ; On                 ; On                 ;
; Force Use of Synchronous Clear Signals                                     ; Off                ; Off                ;
; Auto RAM Block Balancing                                                   ; On                 ; On                 ;
; Auto RAM to Logic Cell Conversion                                          ; Off                ; Off                ;
; Auto Resource Sharing                                                      ; Off                ; Off                ;
; Allow Any RAM Size For Recognition                                         ; Off                ; Off                ;
; Allow Any ROM Size For Recognition                                         ; Off                ; Off                ;
; Allow Any Shift Register Size For Recognition                              ; Off                ; Off                ;
; Use LogicLock Constraints during Resource Balancing                        ; On                 ; On                 ;
; Ignore translate_off and synthesis_off directives                          ; Off                ; Off                ;
; Timing-Driven Synthesis                                                    ; On                 ; On                 ;
; Report Parameter Settings                                                  ; On                 ; On                 ;
; Report Source Assignments                                                  ; On                 ; On                 ;
; Report Connectivity Checks                                                 ; On                 ; On                 ;
; Ignore Maximum Fan-Out Assignments                                         ; Off                ; Off                ;
; Synchronization Register Chain Length                                      ; 2                  ; 2                  ;
; PowerPlay Power Optimization                                               ; Normal compilation ; Normal compilation ;
; HDL message level                                                          ; Level2             ; Level2             ;
; Suppress Register Optimization Related Messages                            ; Off                ; Off                ;
; Number of Removed Registers Reported in Synthesis Report                   ; 5000               ; 5000               ;
; Number of Swept Nodes Reported in Synthesis Report                         ; 5000               ; 5000               ;
; Number of Inverted Registers Reported in Synthesis Report                  ; 100                ; 100                ;
; Clock MUX Protection                                                       ; On                 ; On                 ;
; Auto Gated Clock Conversion                                                ; Off                ; Off                ;
; Block Design Naming                                                        ; Auto               ; Auto               ;
; SDC constraint protection                                                  ; Off                ; Off                ;
; Synthesis Effort                                                           ; Auto               ; Auto               ;
; Shift Register Replacement - Allow Asynchronous Clear Signal               ; On                 ; On                 ;
; Pre-Mapping Resynthesis Optimization                                       ; Off                ; Off                ;
; Analysis & Synthesis Message Level                                         ; Medium             ; Medium             ;
; Disable Register Merging Across Hierarchies                                ; Auto               ; Auto               ;
; Resource Aware Inference For Block RAM                                     ; On                 ; On                 ;
; Synthesis Seed                                                             ; 1                  ; 1                  ;
+----------------------------------------------------------------------------+--------------------+--------------------+


Parallel compilation was disabled, but you have multiple processors available. Enable parallel compilation to reduce compilation time.
+-------------------------------------+
; Parallel Compilation                ;
+----------------------------+--------+
; Processors                 ; Number ;
+----------------------------+--------+
; Number detected on machine ; 12     ;
; Maximum allowed            ; 1      ;
+----------------------------+--------+


+-----------------------------------------------------------------------------------------------------------------------------------------------------------------------------------+
; Analysis & Synthesis Source Files Read                                                                                                                                            ;
+------------------------------------------------+-----------------+-----------------+------------------------------------------------------------------------------------+---------+
; File Name with User-Entered Path               ; Used in Netlist ; File Type       ; File Name with Absolute Path                                                       ; Library ;
+------------------------------------------------+-----------------+-----------------+------------------------------------------------------------------------------------+---------+
; ../moore_peaje/moore_peaje.vhd/moore_peaje.vhd ; yes             ; User VHDL File  ; C:/Users/laura/Documents/PARCIAL2-VHDL/moore_peaje/moore_peaje.vhd/moore_peaje.vhd ;         ;
; semaforo_inicial.vhd                           ; yes             ; User VHDL File  ; C:/Users/laura/Documents/PARCIAL2-VHDL/SEMAFORO_ENTRADA/semaforo_inicial.vhd       ;         ;
+------------------------------------------------+-----------------+-----------------+------------------------------------------------------------------------------------+---------+


+-------------------------------------------------------------+
; Analysis & Synthesis Resource Usage Summary                 ;
+---------------------------------------------+---------------+
; Resource                                    ; Usage         ;
+---------------------------------------------+---------------+
;                                             ;               ;
; Total combinational functions               ; 0             ;
; Logic element usage by number of LUT inputs ;               ;
;     -- 4 input functions                    ; 0             ;
;     -- 3 input functions                    ; 0             ;
;     -- <=2 input functions                  ; 0             ;
;                                             ;               ;
; Logic elements by mode                      ;               ;
;     -- normal mode                          ; 0             ;
;     -- arithmetic mode                      ; 0             ;
;                                             ;               ;
; Total registers                             ; 0             ;
;     -- Dedicated logic registers            ; 0             ;
;     -- I/O registers                        ; 0             ;
;                                             ;               ;
; I/O pins                                    ; 4             ;
; Embedded Multiplier 9-bit elements          ; 0             ;
; Maximum fan-out node                        ; Sensor1~input ;
; Maximum fan-out                             ; 2             ;
; Total fan-out                               ; 6             ;
; Average fan-out                             ; 0.75          ;
+---------------------------------------------+---------------+


+-----------------------------------------------------------------------------------------------------------------------------------------------------------------------------+
; Analysis & Synthesis Resource Utilization by Entity                                                                                                                         ;
+----------------------------+-------------------+--------------+-------------+--------------+---------+-----------+------+--------------+---------------------+--------------+
; Compilation Hierarchy Node ; LC Combinationals ; LC Registers ; Memory Bits ; DSP Elements ; DSP 9x9 ; DSP 18x18 ; Pins ; Virtual Pins ; Full Hierarchy Name ; Library Name ;
+----------------------------+-------------------+--------------+-------------+--------------+---------+-----------+------+--------------+---------------------+--------------+
; |semaforo_inicial          ; 0 (0)             ; 0 (0)        ; 0           ; 0            ; 0       ; 0         ; 4    ; 0            ; |semaforo_inicial   ; work         ;
+----------------------------+-------------------+--------------+-------------+--------------+---------+-----------+------+--------------+---------------------+--------------+
Note: For table entries with two numbers listed, the numbers in parentheses indicate the number of resources of the given type used by the specific entity alone. The numbers listed outside of parentheses indicate the total resources of the given type used by the specific entity and all of its sub-entities in the hierarchy.


Encoding Type:  One-Hot
+-----------------------------------------------------------------------------------------------------------------------------------------------------------------------------------------------------------------------------------------+
; State Machine - |semaforo_inicial|moore_peaje:A0|estado_presente                                                                                                                                                                        ;
+------------------------------------+----------------------------------+-----------------------------+-----------------------------------+---------------------------------+------------------------------------+------------------------+
; Name                               ; estado_presente.reinicio_sistema ; estado_presente.advertencia ; estado_presente.salida_noaprobada ; estado_presente.salida_aprobada ; estado_presente.vehiculo_detectado ; estado_presente.inicio ;
+------------------------------------+----------------------------------+-----------------------------+-----------------------------------+---------------------------------+------------------------------------+------------------------+
; estado_presente.inicio             ; 0                                ; 0                           ; 0                                 ; 0                               ; 0                                  ; 0                      ;
; estado_presente.vehiculo_detectado ; 0                                ; 0                           ; 0                                 ; 0                               ; 1                                  ; 1                      ;
; estado_presente.salida_aprobada    ; 0                                ; 0                           ; 0                                 ; 1                               ; 0                                  ; 1                      ;
; estado_presente.salida_noaprobada  ; 0                                ; 0                           ; 1                                 ; 0                               ; 0                                  ; 1                      ;
; estado_presente.advertencia        ; 0                                ; 1                           ; 0                                 ; 0                               ; 0                                  ; 1                      ;
; estado_presente.reinicio_sistema   ; 1                                ; 0                           ; 0                                 ; 0                               ; 0                                  ; 1                      ;
+------------------------------------+----------------------------------+-----------------------------+-----------------------------------+---------------------------------+------------------------------------+------------------------+


+------------------------------------------------------------------------------------------+
; Registers Removed During Synthesis                                                       ;
+---------------------------------------------------+--------------------------------------+
; Register name                                     ; Reason for Removal                   ;
+---------------------------------------------------+--------------------------------------+
; moore_peaje:A0|estado_presente.salida_aprobada    ; Lost fanout                          ;
; moore_peaje:A0|estado_presente.vehiculo_detectado ; Lost fanout                          ;
; moore_peaje:A0|estado_presente.salida_noaprobada  ; Lost fanout                          ;
; moore_peaje:A0|estado_presente.reinicio_sistema   ; Lost fanout                          ;
; moore_peaje:A0|estado_presente.inicio             ; Stuck at GND due to stuck port clear ;
; moore_peaje:A0|estado_presente.advertencia        ; Stuck at GND due to stuck port clear ;
; Total Number of Removed Registers = 6             ;                                      ;
+---------------------------------------------------+--------------------------------------+


+------------------------------------------------------+
; General Register Statistics                          ;
+----------------------------------------------+-------+
; Statistic                                    ; Value ;
+----------------------------------------------+-------+
; Total registers                              ; 0     ;
; Number of registers using Synchronous Clear  ; 0     ;
; Number of registers using Synchronous Load   ; 0     ;
; Number of registers using Asynchronous Clear ; 0     ;
; Number of registers using Asynchronous Load  ; 0     ;
; Number of registers using Clock Enable       ; 0     ;
; Number of registers using Preset             ; 0     ;
+----------------------------------------------+-------+


+---------------------------------------------------------------------------------------------------------------------+
; Port Connectivity Checks: "moore_peaje:A0"                                                                          ;
+-----------+--------+----------+-------------------------------------------------------------------------------------+
; Port      ; Type   ; Severity ; Details                                                                             ;
+-----------+--------+----------+-------------------------------------------------------------------------------------+
; talan_i   ; Output ; Info     ; Connected to dangling logic. Logic that only feeds a dangling port will be removed. ;
; talan_f   ; Output ; Info     ; Connected to dangling logic. Logic that only feeds a dangling port will be removed. ;
; sema_i    ; Output ; Info     ; Connected to dangling logic. Logic that only feeds a dangling port will be removed. ;
; sema_f    ; Output ; Info     ; Connected to dangling logic. Logic that only feeds a dangling port will be removed. ;
; led_rojo  ; Output ; Info     ; Connected to dangling logic. Logic that only feeds a dangling port will be removed. ;
; led_verde ; Output ; Info     ; Connected to dangling logic. Logic that only feeds a dangling port will be removed. ;
; alarma    ; Output ; Info     ; Connected to dangling logic. Logic that only feeds a dangling port will be removed. ;
+-----------+--------+----------+-------------------------------------------------------------------------------------+


+-------------------------------+
; Elapsed Time Per Partition    ;
+----------------+--------------+
; Partition Name ; Elapsed Time ;
+----------------+--------------+
; Top            ; 00:00:00     ;
+----------------+--------------+


+-------------------------------+
; Analysis & Synthesis Messages ;
+-------------------------------+
Info: *******************************************************************
Info: Running Quartus II 64-Bit Analysis & Synthesis
    Info: Version 13.1.0 Build 162 10/23/2013 SJ Web Edition
    Info: Processing started: Wed May 15 18:02:27 2024
Info: Command: quartus_map --read_settings_files=on --write_settings_files=off semaforo_inicial -c semaforo_inicial
Warning (20028): Parallel compilation is not licensed and has been disabled
Info (12021): Found 2 design units, including 1 entities, in source file /users/laura/documents/parcial2-vhdl/moore_peaje/moore_peaje.vhd/moore_peaje.vhd
    Info (12022): Found design unit 1: moore_peaje-moore_peaje_arch
    Info (12023): Found entity 1: moore_peaje
Info (12021): Found 2 design units, including 1 entities, in source file semaforo_inicial.vhd
    Info (12022): Found design unit 1: semaforo_inicial-semaforo_inicial_arch
    Info (12023): Found entity 1: semaforo_inicial
Info (12127): Elaborating entity "semaforo_inicial" for the top level hierarchy
Warning (10541): VHDL Signal Declaration warning at semaforo_inicial.vhd(35): used implicit default value for signal "s_clk" because signal was never assigned a value or an explicit default value. Use of implicit default value may introduce unintended design optimizations.
Warning (10541): VHDL Signal Declaration warning at semaforo_inicial.vhd(36): used implicit default value for signal "s_reset" because signal was never assigned a value or an explicit default value. Use of implicit default value may introduce unintended design optimizations.
Warning (10036): Verilog HDL or VHDL warning at semaforo_inicial.vhd(37): object "s_talan_i" assigned a value but never read
Warning (10036): Verilog HDL or VHDL warning at semaforo_inicial.vhd(38): object "s_talan_f" assigned a value but never read
Warning (10036): Verilog HDL or VHDL warning at semaforo_inicial.vhd(39): object "s_sema_i" assigned a value but never read
Warning (10036): Verilog HDL or VHDL warning at semaforo_inicial.vhd(40): object "s_sema_f" assigned a value but never read
Warning (10036): Verilog HDL or VHDL warning at semaforo_inicial.vhd(41): object "s_led_rojo" assigned a value but never read
Warning (10036): Verilog HDL or VHDL warning at semaforo_inicial.vhd(42): object "s_led_verde" assigned a value but never read
Warning (10036): Verilog HDL or VHDL warning at semaforo_inicial.vhd(43): object "s_alarma" assigned a value but never read
Warning (10541): VHDL Signal Declaration warning at semaforo_inicial.vhd(45): used implicit default value for signal "s_id" because signal was never assigned a value or an explicit default value. Use of implicit default value may introduce unintended design optimizations.
Warning (10541): VHDL Signal Declaration warning at semaforo_inicial.vhd(46): used implicit default value for signal "s_back_sensor" because signal was never assigned a value or an explicit default value. Use of implicit default value may introduce unintended design optimizations.
Warning (10541): VHDL Signal Declaration warning at semaforo_inicial.vhd(47): used implicit default value for signal "s_tx" because signal was never assigned a value or an explicit default value. Use of implicit default value may introduce unintended design optimizations.
Info (12128): Elaborating entity "moore_peaje" for hierarchy "moore_peaje:A0"
Warning (10492): VHDL Process Statement warning at moore_peaje.vhd(37): signal "estado_presente" is read inside the Process Statement but isn't in the Process Statement's sensitivity list
Warning (13024): Output pins are stuck at VCC or GND
    Warning (13410): Pin "RGB1[0]" is stuck at GND
Info (17049): 4 registers lost all their fanouts during netlist optimizations.
Info (16010): Generating hard_block partition "hard_block:auto_generated_inst"
    Info (16011): Adding 0 node(s), including 0 DDIO, 0 PLL, 0 transceiver and 0 LCELL
Info (21057): Implemented 4 device resources after synthesis - the final resource count might be different
    Info (21058): Implemented 1 input pins
    Info (21059): Implemented 3 output pins
Info: Quartus II 64-Bit Analysis & Synthesis was successful. 0 errors, 16 warnings
    Info: Peak virtual memory: 4654 megabytes
    Info: Processing ended: Wed May 15 18:02:27 2024
    Info: Elapsed time: 00:00:00
    Info: Total CPU time (on all processors): 00:00:00


